[debug] [2020-12-08T12:29:13.062Z] ----------------------------------------------------------------------
[debug] [2020-12-08T12:29:13.065Z] Command:       C:\Program Files\nodejs\node.exe C:\Users\koOoomp15\AppData\Roaming\npm\node_modules\firebase-tools\lib\bin\firebase.js deploy --only hosting:donosimo015prodavnica
[debug] [2020-12-08T12:29:13.065Z] CLI Version:   8.6.0
[debug] [2020-12-08T12:29:13.065Z] Platform:      win32
[debug] [2020-12-08T12:29:13.065Z] Node Version:  v10.15.3
[debug] [2020-12-08T12:29:13.067Z] Time:          Tue Dec 08 2020 13:29:13 GMT+0100 (Central European Standard Time)
[debug] [2020-12-08T12:29:13.067Z] ----------------------------------------------------------------------
[debug] [2020-12-08T12:29:13.067Z] 
[debug] [2020-12-08T12:29:13.089Z] > command requires scopes: ["email","openid","https://www.googleapis.com/auth/cloudplatformprojects.readonly","https://www.googleapis.com/auth/firebase","https://www.googleapis.com/auth/cloud-platform"]
[debug] [2020-12-08T12:29:13.090Z] > authorizing via signed-in user
[debug] [2020-12-08T12:29:13.090Z] [iam] checking project donosimo015-partner for permissions ["firebase.projects.get","firebasehosting.sites.update"]
[debug] [2020-12-08T12:29:13.094Z] > refreshing access token with scopes: ["email","https://www.googleapis.com/auth/cloud-platform","https://www.googleapis.com/auth/cloudplatformprojects.readonly","https://www.googleapis.com/auth/firebase","openid"]
[debug] [2020-12-08T12:29:13.094Z] >>> HTTP REQUEST POST https://www.googleapis.com/oauth2/v3/token  
 <request body omitted>
[debug] [2020-12-08T12:29:13.336Z] <<< HTTP RESPONSE 200 {"date":"Tue, 08 Dec 2020 12:29:13 GMT","pragma":"no-cache","cache-control":"no-cache, no-store, max-age=0, must-revalidate","expires":"Mon, 01 Jan 1990 00:00:00 GMT","content-type":"application/json; charset=utf-8","vary":"X-Origin, Referer, Origin,Accept-Encoding","server":"scaffolding on HTTPServer2","x-xss-protection":"0","x-frame-options":"SAMEORIGIN","x-content-type-options":"nosniff","alt-svc":"h3-29=\":443\"; ma=2592000,h3-T051=\":443\"; ma=2592000,h3-Q050=\":443\"; ma=2592000,h3-Q046=\":443\"; ma=2592000,h3-Q043=\":443\"; ma=2592000,quic=\":443\"; ma=2592000; v=\"46,43\"","accept-ranges":"none","transfer-encoding":"chunked"}
[debug] [2020-12-08T12:29:13.351Z] >>> HTTP REQUEST POST https://cloudresourcemanager.googleapis.com/v1/projects/donosimo015-partner:testIamPermissions  
 {"permissions":["firebase.projects.get","firebasehosting.sites.update"]}
[debug] [2020-12-08T12:29:14.353Z] <<< HTTP RESPONSE 200 {"content-type":"application/json; charset=UTF-8","vary":"X-Origin, Referer, Origin,Accept-Encoding","date":"Tue, 08 Dec 2020 12:29:14 GMT","server":"ESF","cache-control":"private","x-xss-protection":"0","x-frame-options":"SAMEORIGIN","x-content-type-options":"nosniff","server-timing":"gfet4t7; dur=775","alt-svc":"h3-29=\":443\"; ma=2592000,h3-T051=\":443\"; ma=2592000,h3-Q050=\":443\"; ma=2592000,h3-Q046=\":443\"; ma=2592000,h3-Q043=\":443\"; ma=2592000,quic=\":443\"; ma=2592000; v=\"46,43\"","accept-ranges":"none","transfer-encoding":"chunked"}
[debug] [2020-12-08T12:29:14.355Z] >>> HTTP REQUEST GET https://firebase.googleapis.com/v1beta1/projects/donosimo015-partner  
 
[debug] [2020-12-08T12:29:14.676Z] <<< HTTP RESPONSE 200 {"content-type":"application/json; charset=UTF-8","vary":"X-Origin, Referer, Origin,Accept-Encoding","date":"Tue, 08 Dec 2020 12:29:15 GMT","server":"ESF","cache-control":"private","x-xss-protection":"0","x-frame-options":"SAMEORIGIN","x-content-type-options":"nosniff","alt-svc":"h3-29=\":443\"; ma=2592000,h3-T051=\":443\"; ma=2592000,h3-Q050=\":443\"; ma=2592000,h3-Q046=\":443\"; ma=2592000,h3-Q043=\":443\"; ma=2592000,quic=\":443\"; ma=2592000; v=\"46,43\"","accept-ranges":"none","transfer-encoding":"chunked"}
[info] 
[info] === Deploying to 'donosimo015-partner'...
[info] 
[info] i  deploying hosting 
[debug] [2020-12-08T12:29:14.702Z] >>> HTTP REQUEST POST https://firebasehosting.googleapis.com/v1beta1/sites/donosimo015prodavnica/versions  
 {"config":{"rewrites":[{"glob":"**","path":"/index.html"}]},"labels":{"deployment-tool":"cli-firebase"}}
[debug] [2020-12-08T12:29:16.530Z] <<< HTTP RESPONSE 200 {"content-type":"application/json; charset=UTF-8","vary":"X-Origin, Referer, Origin,Accept-Encoding","date":"Tue, 08 Dec 2020 12:29:16 GMT","server":"ESF","cache-control":"private","x-xss-protection":"0","x-frame-options":"SAMEORIGIN","x-content-type-options":"nosniff","alt-svc":"h3-29=\":443\"; ma=2592000,h3-T051=\":443\"; ma=2592000,h3-Q050=\":443\"; ma=2592000,h3-Q046=\":443\"; ma=2592000,h3-Q043=\":443\"; ma=2592000,quic=\":443\"; ma=2592000; v=\"46,43\"","accept-ranges":"none","transfer-encoding":"chunked"}
[info] i  hosting[donosimo015prodavnica]: beginning deploy... 
[info] i  hosting[donosimo015prodavnica]: found 46 files in build 
[debug] [2020-12-08T12:29:16.620Z] [hosting] hash cache [YnVpbGQ] stored for 46 files
[debug] [2020-12-08T12:29:16.620Z] [hosting][hash queue][FINAL] {"max":7,"min":1,"avg":1,"active":0,"complete":46,"success":46,"errored":0,"retried":0,"total":46,"elapsed":17}
[debug] [2020-12-08T12:29:16.621Z] >>> HTTP REQUEST POST https://firebasehosting.googleapis.com/v1beta1/sites/donosimo015prodavnica/versions/29e0bfb8d76d90bc:populateFiles  
 <request body omitted>
